<?xml version="1.0" encoding="utf-8"?>
<RelativeLayout
    xmlns:android="http://schemas.android.com/apk/res/android"
    xmlns:app="http://schemas.android.com/apk/res-auto"
    android:id="@+id/test_results"
    android:layout_width="match_parent"
    android:layout_height="match_parent"
    android:layout_marginBottom="5dp"
    android:layout_marginEnd="5dp"
    android:layout_marginStart="5dp"
    android:layout_marginTop="50dp"
    android:background="#651ff1">

    <LinearLayout
        android:id="@+id/result_title"
        android:layout_width="match_parent"
        android:layout_height="wrap_content"
        android:gravity="center"
        android:orientation="horizontal"
        android:padding="10dp">

        <ImageView
            android:id="@+id/imageView"
            android:layout_width="50dp"
            android:layout_height="50dp"
            app:srcCompat="@drawable/ic_exam"/>

        <TextView
            android:id="@+id/result_perc"
            android:layout_width="wrap_content"
            android:layout_height="wrap_content"
            android:layout_margin="5dp"
            android:text="Результат"
            android:textColor="@android:color/white"
            android:textSize="24sp"/>

    </LinearLayout>

    <RelativeLayout
        android:layout_width="match_parent"
        android:layout_height="wrap_content"
        android:layout_below="@+id/result_title"
        android:layout_marginTop="25dp"
        android:background="@drawable/rez"
        android:padding="10dp">

        <LinearLayout
            android:id="@+id/qlay"
            android:layout_width="match_parent"
            android:layout_height="wrap_content"

            android:orientation="horizontal"
            android:padding="10dp">


            <ImageView
                android:id="@+id/imageView3"
                android:layout_width="50dp"
                android:layout_height="50dp"
                app:srcCompat="@drawable/ic_question"/>

            <TextView
                android:id="@+id/q_count_res"
                android:layout_width="wrap_content"
                android:layout_height="wrap_content"
                android:layout_margin="5dp"
                android:text="TextView"
                android:textColor="@android:color/white"
                android:textSize="24sp"/>

        </LinearLayout>

        <LinearLayout
            android:id="@+id/clay"
            android:layout_width="match_parent"
            android:layout_height="wrap_content"
            android:layout_below="@+id/qlay"
            android:orientation="horizontal"
            android:padding="10dp">

            <ImageView
                android:id="@+id/imageView4"
                android:layout_width="50dp"
                android:layout_height="50dp"
                app:srcCompat="@drawable/ic_check_mark_button"/>

            <TextView
                android:id="@+id/q_correct"
                android:layout_width="wrap_content"
                android:layout_height="wrap_content"
                android:layout_margin="5dp"
                android:text="TextView"
                android:textColor="@android:color/white"
                android:textSize="24sp"/>

        </LinearLayout>

        <LinearLayout
            android:id="@+id/wlay"
            android:layout_width="match_parent"
            android:layout_height="wrap_content"
            android:layout_below="@+id/clay"
            android:orientation="horizontal"
            android:padding="10dp">

            <ImageView
                android:id="@+id/imageView5"
                android:layout_width="50dp"
                android:layout_height="50dp"
                app:srcCompat="@drawable/ic_cancel_symbol_inside_a_circle"/>

            <TextView
                android:id="@+id/q_wrong"
                android:layout_width="wrap_content"
                android:layout_height="wrap_content"
                android:layout_margin="5dp"
                android:text="TextView"
                android:textColor="@android:color/white"
                android:textSize="24sp"/>
        </LinearLayout>
    </RelativeLayout>

    <Button
        android:id="@+id/konec"
        android:layout_width="match_parent"
        android:layout_height="wrap_content"
        android:layout_alignParentBottom="true"
        android:background="@drawable/btn_next"
        android:text="Вернутся"
        android:textColor="@android:color/white"
        android:textSize="18sp"/>
</RelativeLayout>